<?xml version="1.0" encoding="UTF-8"?>
<coverage generated="1660147220252" clover="3.2.0">
  <project timestamp="1660147220252" name="All files">
    <metrics statements="10" coveredstatements="4" conditionals="8" coveredconditionals="0" methods="3" coveredmethods="1" elements="21" coveredelements="5" complexity="0" loc="10" ncloc="10" packages="1" files="1" classes="1"/>
    <file name="index.js" path="/Users/derekolsen/bocacode/hello-unit-testing/src/index.js">
      <metrics statements="10" coveredstatements="4" conditionals="8" coveredconditionals="0" methods="3" coveredmethods="1"/>
      <line num="1" count="1" type="stmt"/>
      <line num="2" count="0" type="stmt"/>
      <line num="5" count="1" type="stmt"/>
      <line num="6" count="0" type="cond" truecount="0" falsecount="4"/>
      <line num="7" count="0" type="stmt"/>
      <line num="10" count="0" type="cond" truecount="0" falsecount="4"/>
      <line num="11" count="0" type="stmt"/>
      <line num="14" count="0" type="stmt"/>
      <line num="17" count="1" type="stmt"/>
      <line num="18" count="1" type="stmt"/>
    </file>
  </project>
</coverage>
